{"/Users/marius/Projects/PostHog/posthog-react-native/core/src/bridge.ts": {"path":"/Users/marius/Projects/PostHog/posthog-react-native/core/src/bridge.ts","statementMap":{"0":{"start":{"line":1,"column":0},"end":{"line":1,"column":43}},"1":{"start":{"line":55,"column":23},"end":{"line":55,"column":46}},"2":{"start":{"line":57,"column":0},"end":{"line":59,"column":1}},"3":{"start":{"line":58,"column":1},"end":{"line":58,"column":57}},"4":{"start":{"line":61,"column":0},"end":{"line":61,"column":21}}},"fnMap":{},"branchMap":{"0":{"loc":{"start":{"line":57,"column":0},"end":{"line":59,"column":1}},"type":"if","locations":[{"start":{"line":57,"column":0},"end":{"line":59,"column":1}},{"start":{"line":57,"column":0},"end":{"line":59,"column":1}}]}},"s":{"0":2,"1":2,"2":2,"3":1,"4":1},"f":{},"b":{"0":[1,1]}}
,"/Users/marius/Projects/PostHog/posthog-react-native/core/src/configuration.ts": {"path":"/Users/marius/Projects/PostHog/posthog-react-native/core/src/configuration.ts","statementMap":{"0":{"start":{"line":1,"column":0},"end":{"line":62,"column":-1}},"1":{"start":{"line":4,"column":17},"end":{"line":21,"column":1}},"2":{"start":{"line":5,"column":13},"end":{"line":5,"column":35}},"3":{"start":{"line":5,"column":77},"end":{"line":7,"column":3}},"4":{"start":{"line":9,"column":2},"end":{"line":9,"column":34}},"5":{"start":{"line":10,"column":2},"end":{"line":10,"column":31}},"6":{"start":{"line":11,"column":2},"end":{"line":11,"column":28}},"7":{"start":{"line":12,"column":2},"end":{"line":12,"column":35}},"8":{"start":{"line":13,"column":2},"end":{"line":13,"column":21}},"9":{"start":{"line":14,"column":38},"end":{"line":20,"column":3}},"10":{"start":{"line":23,"column":13},"end":{"line":61,"column":1}},"11":{"start":{"line":26,"column":2},"end":{"line":26,"column":14}},"12":{"start":{"line":27,"column":2},"end":{"line":27,"column":20}},"13":{"start":{"line":28,"column":2},"end":{"line":28,"column":15}},"14":{"start":{"line":29,"column":2},"end":{"line":29,"column":27}},"15":{"start":{"line":30,"column":2},"end":{"line":30,"column":43}},"16":{"start":{"line":31,"column":2},"end":{"line":31,"column":26}},"17":{"start":{"line":32,"column":2},"end":{"line":32,"column":34}},"18":{"start":{"line":33,"column":2},"end":{"line":33,"column":10}},"19":{"start":{"line":34,"column":2},"end":{"line":34,"column":14}},"20":{"start":{"line":37,"column":7},"end":{"line":54,"column":2}},"21":{"start":{"line":55,"column":7},"end":{"line":55,"column":36}},"22":{"start":{"line":57,"column":1},"end":{"line":60,"column":2}}},"fnMap":{"0":{"name":"(anonymous_14)","decl":{"start":{"line":5,"column":10},"end":{"line":5,"column":10}},"loc":{"start":{"line":5,"column":72},"end":{"line":7,"column":3}}},"1":{"name":"(anonymous_15)","decl":{"start":{"line":8,"column":6},"end":{"line":8,"column":6}},"loc":{"start":{"line":14,"column":33},"end":{"line":20,"column":3}}},"2":{"name":"(anonymous_16)","decl":{"start":{"line":23,"column":25},"end":{"line":24,"column":0}},"loc":{"start":{"line":35,"column":25},"end":{"line":61,"column":1}}}},"branchMap":{"0":{"loc":{"start":{"line":5,"column":13},"end":{"line":5,"column":34}},"type":"cond-expr","locations":[{"start":{"line":5,"column":13},"end":{"line":5,"column":34}},{"start":{"line":5,"column":13},"end":{"line":5,"column":35}}]},"1":{"loc":{"start":{"line":9,"column":2},"end":{"line":9,"column":33}},"type":"cond-expr","locations":[{"start":{"line":9,"column":2},"end":{"line":9,"column":33}},{"start":{"line":9,"column":2},"end":{"line":9,"column":34}}]},"2":{"loc":{"start":{"line":10,"column":2},"end":{"line":10,"column":30}},"type":"cond-expr","locations":[{"start":{"line":10,"column":2},"end":{"line":10,"column":30}},{"start":{"line":10,"column":2},"end":{"line":10,"column":31}}]},"3":{"loc":{"start":{"line":11,"column":2},"end":{"line":11,"column":27}},"type":"cond-expr","locations":[{"start":{"line":11,"column":2},"end":{"line":11,"column":27}},{"start":{"line":11,"column":2},"end":{"line":11,"column":28}}]},"4":{"loc":{"start":{"line":12,"column":2},"end":{"line":12,"column":34}},"type":"cond-expr","locations":[{"start":{"line":12,"column":2},"end":{"line":12,"column":34}},{"start":{"line":12,"column":2},"end":{"line":12,"column":35}}]},"5":{"loc":{"start":{"line":13,"column":2},"end":{"line":13,"column":20}},"type":"cond-expr","locations":[{"start":{"line":13,"column":2},"end":{"line":13,"column":20}},{"start":{"line":13,"column":2},"end":{"line":13,"column":21}}]},"6":{"loc":{"start":{"line":26,"column":2},"end":{"line":26,"column":13}},"type":"cond-expr","locations":[{"start":{"line":26,"column":2},"end":{"line":26,"column":13}},{"start":{"line":26,"column":2},"end":{"line":26,"column":14}}]},"7":{"loc":{"start":{"line":27,"column":2},"end":{"line":27,"column":19}},"type":"cond-expr","locations":[{"start":{"line":27,"column":2},"end":{"line":27,"column":19}},{"start":{"line":27,"column":2},"end":{"line":27,"column":20}}]},"8":{"loc":{"start":{"line":28,"column":2},"end":{"line":28,"column":14}},"type":"cond-expr","locations":[{"start":{"line":28,"column":2},"end":{"line":28,"column":14}},{"start":{"line":28,"column":2},"end":{"line":28,"column":15}}]},"9":{"loc":{"start":{"line":29,"column":2},"end":{"line":29,"column":26}},"type":"cond-expr","locations":[{"start":{"line":29,"column":2},"end":{"line":29,"column":26}},{"start":{"line":29,"column":2},"end":{"line":29,"column":27}}]},"10":{"loc":{"start":{"line":30,"column":2},"end":{"line":30,"column":42}},"type":"cond-expr","locations":[{"start":{"line":30,"column":2},"end":{"line":30,"column":42}},{"start":{"line":30,"column":2},"end":{"line":30,"column":43}}]},"11":{"loc":{"start":{"line":31,"column":2},"end":{"line":31,"column":25}},"type":"cond-expr","locations":[{"start":{"line":31,"column":2},"end":{"line":31,"column":25}},{"start":{"line":31,"column":2},"end":{"line":31,"column":26}}]},"12":{"loc":{"start":{"line":32,"column":2},"end":{"line":32,"column":33}},"type":"cond-expr","locations":[{"start":{"line":32,"column":2},"end":{"line":32,"column":33}},{"start":{"line":32,"column":2},"end":{"line":32,"column":34}}]},"13":{"loc":{"start":{"line":33,"column":2},"end":{"line":33,"column":9}},"type":"cond-expr","locations":[{"start":{"line":33,"column":2},"end":{"line":33,"column":9}},{"start":{"line":33,"column":2},"end":{"line":33,"column":10}}]},"14":{"loc":{"start":{"line":34,"column":2},"end":{"line":34,"column":13}},"type":"cond-expr","locations":[{"start":{"line":34,"column":2},"end":{"line":34,"column":13}},{"start":{"line":34,"column":2},"end":{"line":34,"column":14}}]}},"s":{"0":3,"1":3,"2":36,"3":18,"4":36,"5":36,"6":36,"7":36,"8":36,"9":18,"10":3,"11":36,"12":36,"13":36,"14":36,"15":36,"16":36,"17":36,"18":36,"19":36,"20":18,"21":18,"22":18},"f":{"0":18,"1":18,"2":18},"b":{"0":[17,1],"1":[17,1],"2":[18,0],"3":[18,0],"4":[18,0],"5":[18,0],"6":[17,1],"7":[17,1],"8":[17,1],"9":[17,1],"10":[17,1],"11":[18,0],"12":[18,0],"13":[17,1],"14":[17,1]}}
,"/Users/marius/Projects/PostHog/posthog-react-native/core/src/index.ts": {"path":"/Users/marius/Projects/PostHog/posthog-react-native/core/src/index.ts","statementMap":{"0":{"start":{"line":1,"column":0},"end":{"line":1,"column":34}},"1":{"start":{"line":4,"column":9},"end":{"line":4,"column":16}},"2":{"start":{"line":3,"column":0},"end":{"line":3,"column":35}}},"fnMap":{},"branchMap":{},"s":{"0":1,"1":1,"2":1},"f":{},"b":{}}
,"/Users/marius/Projects/PostHog/posthog-react-native/core/src/middleware.ts": {"path":"/Users/marius/Projects/PostHog/posthog-react-native/core/src/middleware.ts","statementMap":{"0":{"start":{"line":2,"column":0},"end":{"line":2,"column":36}},"1":{"start":{"line":54,"column":0},"end":{"line":113,"column":0}},"2":{"start":{"line":57,"column":30},"end":{"line":57,"column":57}},"3":{"start":{"line":55,"column":18},"end":{"line":55,"column":48}},"4":{"start":{"line":59,"column":8},"end":{"line":61,"column":2}},"5":{"start":{"line":60,"column":2},"end":{"line":60,"column":35}},"6":{"start":{"line":63,"column":14},"end":{"line":78,"column":2}},"7":{"start":{"line":64,"column":27},"end":{"line":64,"column":54}},"8":{"start":{"line":64,"column":8},"end":{"line":64,"column":54}},"9":{"start":{"line":66,"column":2},"end":{"line":77,"column":3}},"10":{"start":{"line":68,"column":4},"end":{"line":68,"column":72}},"11":{"start":{"line":68,"column":46},"end":{"line":68,"column":71}},"12":{"start":{"line":70,"column":4},"end":{"line":70,"column":111}},"13":{"start":{"line":70,"column":52},"end":{"line":70,"column":110}},"14":{"start":{"line":72,"column":4},"end":{"line":72,"column":101}},"15":{"start":{"line":72,"column":48},"end":{"line":72,"column":100}},"16":{"start":{"line":74,"column":4},"end":{"line":74,"column":103}},"17":{"start":{"line":74,"column":50},"end":{"line":74,"column":102}},"18":{"start":{"line":76,"column":4},"end":{"line":76,"column":31}},"19":{"start":{"line":80,"column":15},"end":{"line":112,"column":2}},"20":{"start":{"line":83,"column":2},"end":{"line":83,"column":11}},"21":{"start":{"line":85,"column":10},"end":{"line":85,"column":30}},"22":{"start":{"line":86,"column":8},"end":{"line":86,"column":39}},"23":{"start":{"line":87,"column":8},"end":{"line":87,"column":16}},"24":{"start":{"line":89,"column":2},"end":{"line":91,"column":3}},"25":{"start":{"line":90,"column":3},"end":{"line":90,"column":33}},"26":{"start":{"line":93,"column":6},"end":{"line":93,"column":20}},"27":{"start":{"line":95,"column":2},"end":{"line":111,"column":3}},"28":{"start":{"line":96,"column":3},"end":{"line":110,"column":18}},"29":{"start":{"line":99,"column":30},"end":{"line":99,"column":46}},"30":{"start":{"line":100,"column":6},"end":{"line":102,"column":7}},"31":{"start":{"line":101,"column":7},"end":{"line":101,"column":79}},"32":{"start":{"line":104,"column":6},"end":{"line":104,"column":19}},"33":{"start":{"line":105,"column":6},"end":{"line":107,"column":21}},"34":{"start":{"line":113,"column":0},"end":{"line":113,"column":1}},"35":{"start":{"line":54,"column":13},"end":{"line":54,"column":28}},"36":{"start":{"line":115,"column":23},"end":{"line":117,"column":1}},"37":{"start":{"line":115,"column":41},"end":{"line":117,"column":1}},"38":{"start":{"line":116,"column":1},"end":{"line":116,"column":46}},"39":{"start":{"line":119,"column":20},"end":{"line":128,"column":8}},"40":{"start":{"line":122,"column":1},"end":{"line":122,"column":58}},"41":{"start":{"line":124,"column":1},"end":{"line":128,"column":8}}},"fnMap":{"0":{"name":"(anonymous_12)","decl":{"start":{"line":54,"column":0},"end":{"line":null,"column":-1}},"loc":{"start":{"line":54,"column":0},"end":{"line":54,"column":-1}}},"1":{"name":"MiddlewareChain","decl":{"start":{"line":57,"column":1},"end":{"line":57,"column":29}},"loc":{"start":{"line":57,"column":57},"end":{"line":57,"column":61}}},"2":{"name":"(anonymous_14)","decl":{"start":{"line":59,"column":1},"end":{"line":59,"column":11}},"loc":{"start":{"line":59,"column":34},"end":{"line":61,"column":2}}},"3":{"name":"(anonymous_15)","decl":{"start":{"line":63,"column":1},"end":{"line":63,"column":74}},"loc":{"start":{"line":63,"column":99},"end":{"line":78,"column":2}}},"4":{"name":"(anonymous_18)","decl":{"start":{"line":68,"column":37},"end":{"line":68,"column":36}},"loc":{"start":{"line":68,"column":42},"end":{"line":68,"column":71}}},"5":{"name":"(anonymous_19)","decl":{"start":{"line":70,"column":40},"end":{"line":70,"column":39}},"loc":{"start":{"line":70,"column":48},"end":{"line":70,"column":110}}},"6":{"name":"(anonymous_20)","decl":{"start":{"line":72,"column":38},"end":{"line":72,"column":37}},"loc":{"start":{"line":72,"column":44},"end":{"line":72,"column":100}}},"7":{"name":"(anonymous_21)","decl":{"start":{"line":74,"column":39},"end":{"line":74,"column":38}},"loc":{"start":{"line":74,"column":46},"end":{"line":74,"column":102}}},"8":{"name":"(anonymous_22)","decl":{"start":{"line":80,"column":1},"end":{"line":81,"column":1}},"loc":{"start":{"line":83,"column":11},"end":{"line":112,"column":2}}},"9":{"name":"(anonymous_25)","decl":{"start":{"line":95,"column":24},"end":{"line":95,"column":24}},"loc":{"start":{"line":95,"column":40},"end":{"line":110,"column":18}}},"10":{"name":"(anonymous_26)","decl":{"start":{"line":99,"column":29},"end":{"line":99,"column":29}},"loc":{"start":{"line":99,"column":46},"end":{"line":108,"column":6}}},"11":{"name":"(anonymous_27)","decl":{"start":{"line":115,"column":23},"end":{"line":115,"column":23}},"loc":{"start":{"line":115,"column":36},"end":{"line":117,"column":1}}},"12":{"name":"(anonymous_28)","decl":{"start":{"line":115,"column":41},"end":{"line":null,"column":-1}},"loc":{"start":{"line":115,"column":41},"end":{"line":117,"column":1}}},"13":{"name":"(anonymous_29)","decl":{"start":{"line":119,"column":20},"end":{"line":120,"column":0}},"loc":{"start":{"line":122,"column":58},"end":{"line":128,"column":8}}}},"branchMap":{"0":{"loc":{"start":{"line":67,"column":3},"end":{"line":68,"column":72}},"type":"switch","locations":[{"start":{"line":67,"column":3},"end":{"line":68,"column":72}},{"start":{"line":69,"column":3},"end":{"line":70,"column":111}},{"start":{"line":71,"column":3},"end":{"line":72,"column":101}},{"start":{"line":73,"column":3},"end":{"line":74,"column":103}},{"start":{"line":75,"column":3},"end":{"line":76,"column":31}}]},"1":{"loc":{"start":{"line":83,"column":2},"end":{"line":83,"column":11}},"type":"if","locations":[{"start":{"line":83,"column":2},"end":{"line":83,"column":11}},{"start":{"line":83,"column":2},"end":{"line":83,"column":11}}]},"2":{"loc":{"start":{"line":89,"column":2},"end":{"line":91,"column":3}},"type":"if","locations":[{"start":{"line":89,"column":2},"end":{"line":91,"column":3}},{"start":{"line":89,"column":2},"end":{"line":91,"column":3}}]},"3":{"loc":{"start":{"line":89,"column":6},"end":{"line":89,"column":33}},"type":"binary-expr","locations":[{"start":{"line":89,"column":6},"end":{"line":89,"column":33}},{"start":{"line":89,"column":37},"end":{"line":89,"column":48}}]},"4":{"loc":{"start":{"line":99,"column":30},"end":{"line":99,"column":46}},"type":"if","locations":[{"start":{"line":99,"column":30},"end":{"line":99,"column":46}},{"start":{"line":99,"column":30},"end":{"line":99,"column":46}}]},"5":{"loc":{"start":{"line":100,"column":6},"end":{"line":102,"column":7}},"type":"if","locations":[{"start":{"line":100,"column":6},"end":{"line":102,"column":7}},{"start":{"line":100,"column":6},"end":{"line":102,"column":7}}]},"6":{"loc":{"start":{"line":122,"column":1},"end":{"line":122,"column":58}},"type":"if","locations":[{"start":{"line":122,"column":1},"end":{"line":122,"column":58}},{"start":{"line":122,"column":1},"end":{"line":122,"column":58}}]}},"s":{"0":2,"1":2,"2":17,"3":17,"4":2,"5":1,"6":2,"7":10,"8":10,"9":10,"10":1,"11":1,"12":2,"13":2,"14":1,"15":1,"16":6,"17":6,"18":0,"19":2,"20":21,"21":11,"22":11,"23":11,"24":11,"25":10,"26":1,"27":1,"28":1,"29":2,"30":1,"31":0,"32":1,"33":1,"34":2,"35":2,"36":2,"37":10,"38":0,"39":2,"40":21,"41":11},"f":{"0":2,"1":17,"2":1,"3":10,"4":1,"5":2,"6":1,"7":6,"8":11,"9":1,"10":1,"11":10,"12":0,"13":11},"b":{"0":[1,2,1,6,0],"1":[10,1],"2":[10,1],"3":[11,1],"4":[1,0],"5":[0,1],"6":[10,1]}}
,"/Users/marius/Projects/PostHog/posthog-react-native/core/src/posthog.ts": {"path":"/Users/marius/Projects/PostHog/posthog-react-native/core/src/posthog.ts","statementMap":{"0":{"start":{"line":1,"column":0},"end":{"line":1,"column":41}},"1":{"start":{"line":2,"column":0},"end":{"line":2,"column":42}},"2":{"start":{"line":3,"column":0},"end":{"line":3,"column":57}},"3":{"start":{"line":4,"column":0},"end":{"line":4,"column":54}},"4":{"start":{"line":7,"column":0},"end":{"line":305,"column":1}},"5":{"start":{"line":121,"column":1},"end":{"line":304,"column":1}},"6":{"start":{"line":128,"column":18},"end":{"line":128,"column":31}},"7":{"start":{"line":130,"column":19},"end":{"line":132,"column":3}},"8":{"start":{"line":131,"column":3},"end":{"line":131,"column":24}},"9":{"start":{"line":133,"column":19},"end":{"line":133,"column":48}},"10":{"start":{"line":134,"column":19},"end":{"line":134,"column":66}},"11":{"start":{"line":143,"column":9},"end":{"line":147,"column":3}},"12":{"start":{"line":144,"column":3},"end":{"line":144,"column":30}},"13":{"start":{"line":146,"column":3},"end":{"line":146,"column":14}},"14":{"start":{"line":149,"column":9},"end":{"line":153,"column":3}},"15":{"start":{"line":150,"column":3},"end":{"line":150,"column":35}},"16":{"start":{"line":152,"column":3},"end":{"line":152,"column":14}},"17":{"start":{"line":161,"column":9},"end":{"line":169,"column":3}},"18":{"start":{"line":162,"column":3},"end":{"line":164,"column":4}},"19":{"start":{"line":163,"column":4},"end":{"line":163,"column":58}},"20":{"start":{"line":166,"column":3},"end":{"line":166,"column":23}},"21":{"start":{"line":168,"column":3},"end":{"line":168,"column":14}},"22":{"start":{"line":187,"column":15},"end":{"line":192,"column":3}},"23":{"start":{"line":187,"column":37},"end":{"line":187,"column":70}},"24":{"start":{"line":188,"column":9},"end":{"line":188,"column":21}},"25":{"start":{"line":189,"column":4},"end":{"line":189,"column":42}},"26":{"start":{"line":188,"column":3},"end":{"line":190,"column":4}},"27":{"start":{"line":191,"column":3},"end":{"line":191,"column":23}},"28":{"start":{"line":205,"column":15},"end":{"line":207,"column":3}},"29":{"start":{"line":205,"column":38},"end":{"line":205,"column":62}},"30":{"start":{"line":206,"column":3},"end":{"line":206,"column":63}},"31":{"start":{"line":219,"column":15},"end":{"line":221,"column":3}},"32":{"start":{"line":219,"column":38},"end":{"line":219,"column":62}},"33":{"start":{"line":220,"column":3},"end":{"line":220,"column":63}},"34":{"start":{"line":232,"column":15},"end":{"line":234,"column":3}},"35":{"start":{"line":232,"column":51},"end":{"line":232,"column":75}},"36":{"start":{"line":233,"column":3},"end":{"line":233,"column":69}},"37":{"start":{"line":244,"column":15},"end":{"line":246,"column":3}},"38":{"start":{"line":245,"column":3},"end":{"line":245,"column":49}},"39":{"start":{"line":254,"column":15},"end":{"line":256,"column":3}},"40":{"start":{"line":255,"column":3},"end":{"line":255,"column":52}},"41":{"start":{"line":255,"column":44},"end":{"line":255,"column":51}},"42":{"start":{"line":264,"column":15},"end":{"line":266,"column":3}},"43":{"start":{"line":265,"column":3},"end":{"line":265,"column":52}},"44":{"start":{"line":265,"column":44},"end":{"line":265,"column":51}},"45":{"start":{"line":273,"column":15},"end":{"line":275,"column":3}},"46":{"start":{"line":274,"column":3},"end":{"line":274,"column":55}},"47":{"start":{"line":274,"column":46},"end":{"line":274,"column":54}},"48":{"start":{"line":283,"column":15},"end":{"line":285,"column":3}},"49":{"start":{"line":284,"column":3},"end":{"line":284,"column":58}},"50":{"start":{"line":284,"column":48},"end":{"line":284,"column":57}},"51":{"start":{"line":288,"column":15},"end":{"line":292,"column":3}},"52":{"start":{"line":289,"column":3},"end":{"line":289,"column":28}},"53":{"start":{"line":291,"column":3},"end":{"line":291,"column":33}},"54":{"start":{"line":294,"column":10},"end":{"line":303,"column":3}},"55":{"start":{"line":295,"column":11},"end":{"line":295,"column":19}},"56":{"start":{"line":297,"column":3},"end":{"line":302,"column":4}},"57":{"start":{"line":298,"column":4},"end":{"line":298,"column":50}},"58":{"start":{"line":299,"column":4},"end":{"line":299,"column":15}},"59":{"start":{"line":301,"column":4},"end":{"line":301,"column":47}},"60":{"start":{"line":301,"column":32},"end":{"line":301,"column":46}},"61":{"start":{"line":304,"column":1},"end":{"line":304,"column":2}},"62":{"start":{"line":121,"column":14},"end":{"line":304,"column":2}}},"fnMap":{"0":{"name":"(anonymous_12)","decl":{"start":{"line":7,"column":0},"end":{"line":7,"column":13}},"loc":{"start":{"line":7,"column":21},"end":{"line":305,"column":1}}},"1":{"name":"(anonymous_13)","decl":{"start":{"line":121,"column":1},"end":{"line":null,"column":-1}},"loc":{"start":{"line":121,"column":1},"end":{"line":121,"column":0}}},"2":{"name":"(anonymous_15)","decl":{"start":{"line":130,"column":53},"end":{"line":130,"column":52}},"loc":{"start":{"line":130,"column":56},"end":{"line":131,"column":24}}},"3":{"name":"(anonymous_16)","decl":{"start":{"line":143,"column":2},"end":{"line":143,"column":14}},"loc":{"start":{"line":143,"column":36},"end":{"line":147,"column":3}}},"4":{"name":"(anonymous_17)","decl":{"start":{"line":149,"column":2},"end":{"line":149,"column":19}},"loc":{"start":{"line":149,"column":42},"end":{"line":153,"column":3}}},"5":{"name":"(anonymous_18)","decl":{"start":{"line":161,"column":2},"end":{"line":null,"column":-1}},"loc":{"start":{"line":161,"column":2},"end":{"line":169,"column":3}}},"6":{"name":"(anonymous_19)","decl":{"start":{"line":187,"column":2},"end":{"line":187,"column":20}},"loc":{"start":{"line":187,"column":70},"end":{"line":192,"column":3}}},"7":{"name":"(anonymous_22)","decl":{"start":{"line":205,"column":2},"end":{"line":205,"column":22}},"loc":{"start":{"line":205,"column":62},"end":{"line":207,"column":3}}},"8":{"name":"(anonymous_25)","decl":{"start":{"line":219,"column":2},"end":{"line":219,"column":21}},"loc":{"start":{"line":219,"column":62},"end":{"line":221,"column":3}}},"9":{"name":"(anonymous_28)","decl":{"start":{"line":232,"column":2},"end":{"line":232,"column":23}},"loc":{"start":{"line":232,"column":75},"end":{"line":234,"column":3}}},"10":{"name":"(anonymous_31)","decl":{"start":{"line":244,"column":2},"end":{"line":244,"column":20}},"loc":{"start":{"line":244,"column":34},"end":{"line":246,"column":3}}},"11":{"name":"(anonymous_34)","decl":{"start":{"line":254,"column":2},"end":{"line":null,"column":-1}},"loc":{"start":{"line":254,"column":2},"end":{"line":256,"column":3}}},"12":{"name":"(anonymous_37)","decl":{"start":{"line":255,"column":35},"end":{"line":255,"column":34}},"loc":{"start":{"line":255,"column":40},"end":{"line":255,"column":51}}},"13":{"name":"(anonymous_38)","decl":{"start":{"line":264,"column":2},"end":{"line":null,"column":-1}},"loc":{"start":{"line":264,"column":2},"end":{"line":266,"column":3}}},"14":{"name":"(anonymous_41)","decl":{"start":{"line":265,"column":35},"end":{"line":265,"column":34}},"loc":{"start":{"line":265,"column":40},"end":{"line":265,"column":51}}},"15":{"name":"(anonymous_42)","decl":{"start":{"line":273,"column":2},"end":{"line":null,"column":-1}},"loc":{"start":{"line":273,"column":2},"end":{"line":275,"column":3}}},"16":{"name":"(anonymous_45)","decl":{"start":{"line":274,"column":36},"end":{"line":274,"column":35}},"loc":{"start":{"line":274,"column":42},"end":{"line":274,"column":54}}},"17":{"name":"(anonymous_46)","decl":{"start":{"line":283,"column":2},"end":{"line":null,"column":-1}},"loc":{"start":{"line":283,"column":2},"end":{"line":285,"column":3}}},"18":{"name":"(anonymous_49)","decl":{"start":{"line":284,"column":37},"end":{"line":284,"column":36}},"loc":{"start":{"line":284,"column":44},"end":{"line":284,"column":57}}},"19":{"name":"(anonymous_50)","decl":{"start":{"line":288,"column":2},"end":{"line":null,"column":-1}},"loc":{"start":{"line":288,"column":2},"end":{"line":292,"column":3}}},"20":{"name":"(anonymous_53)","decl":{"start":{"line":294,"column":2},"end":{"line":294,"column":21}},"loc":{"start":{"line":294,"column":34},"end":{"line":303,"column":3}}},"21":{"name":"(anonymous_54)","decl":{"start":{"line":301,"column":21},"end":{"line":301,"column":20}},"loc":{"start":{"line":301,"column":28},"end":{"line":301,"column":46}}}},"branchMap":{"0":{"loc":{"start":{"line":162,"column":3},"end":{"line":164,"column":4}},"type":"if","locations":[{"start":{"line":162,"column":3},"end":{"line":164,"column":4}},{"start":{"line":162,"column":3},"end":{"line":164,"column":4}}]},"1":{"loc":{"start":{"line":187,"column":37},"end":{"line":187,"column":70}},"type":"if","locations":[{"start":{"line":187,"column":37},"end":{"line":187,"column":70}},{"start":{"line":187,"column":37},"end":{"line":187,"column":70}}]},"2":{"loc":{"start":{"line":205,"column":38},"end":{"line":205,"column":62}},"type":"if","locations":[{"start":{"line":205,"column":38},"end":{"line":205,"column":62}},{"start":{"line":205,"column":38},"end":{"line":205,"column":62}}]},"3":{"loc":{"start":{"line":219,"column":38},"end":{"line":219,"column":62}},"type":"if","locations":[{"start":{"line":219,"column":38},"end":{"line":219,"column":62}},{"start":{"line":219,"column":38},"end":{"line":219,"column":62}}]},"4":{"loc":{"start":{"line":232,"column":51},"end":{"line":232,"column":75}},"type":"if","locations":[{"start":{"line":232,"column":51},"end":{"line":232,"column":75}},{"start":{"line":232,"column":51},"end":{"line":232,"column":75}}]},"5":{"loc":{"start":{"line":297,"column":3},"end":{"line":302,"column":4}},"type":"if","locations":[{"start":{"line":297,"column":3},"end":{"line":302,"column":4}},{"start":{"line":297,"column":3},"end":{"line":302,"column":4}}]},"6":{"loc":{"start":{"line":7,"column":14},"end":{"line":7,"column":21}},"type":"binary-expr","locations":[{"start":{"line":7,"column":14},"end":{"line":7,"column":21}},{"start":{"line":7,"column":14},"end":{"line":7,"column":21}}]}},"s":{"0":2,"1":2,"2":2,"3":2,"4":2,"5":19,"6":17,"7":17,"8":2,"9":17,"10":17,"11":2,"12":1,"13":1,"14":2,"15":1,"16":1,"17":2,"18":0,"19":0,"20":0,"21":0,"22":2,"23":32,"24":16,"25":16,"26":32,"27":16,"28":2,"29":11,"30":12,"31":2,"32":1,"33":2,"34":2,"35":2,"36":4,"37":2,"38":2,"39":2,"40":2,"41":1,"42":2,"43":2,"44":1,"45":2,"46":2,"47":1,"48":2,"49":2,"50":1,"51":2,"52":2,"53":1,"54":2,"55":2,"56":2,"57":1,"58":1,"59":1,"60":1,"61":2,"62":2},"f":{"0":2,"1":19,"2":2,"3":1,"4":1,"5":0,"6":16,"7":6,"8":1,"9":2,"10":1,"11":1,"12":1,"13":1,"14":1,"15":1,"16":1,"17":1,"18":1,"19":1,"20":2,"21":1},"b":{"0":[0,0],"1":[16,0],"2":[5,1],"3":[0,1],"4":[0,2],"5":[1,1],"6":[2,2]}}
,"/Users/marius/Projects/PostHog/posthog-react-native/core/src/utils.ts": {"path":"/Users/marius/Projects/PostHog/posthog-react-native/core/src/utils.ts","statementMap":{"0":{"start":{"line":2,"column":1},"end":{"line":2,"column":48}},"1":{"start":{"line":1,"column":0},"end":{"line":3,"column":1}}},"fnMap":{"0":{"name":"assertNever","decl":{"start":{"line":1,"column":16},"end":{"line":1,"column":27}},"loc":{"start":{"line":1,"column":40},"end":{"line":3,"column":1}}}},"branchMap":{},"s":{"0":0,"1":2},"f":{"0":0},"b":{}}
,"/Users/marius/Projects/PostHog/posthog-react-native/core/src/wrapper.ts": {"path":"/Users/marius/Projects/PostHog/posthog-react-native/core/src/wrapper.ts","statementMap":{"0":{"start":{"line":1,"column":0},"end":{"line":1,"column":40}},"1":{"start":{"line":8,"column":0},"end":{"line":61,"column":0}},"2":{"start":{"line":12,"column":19},"end":{"line":12,"column":48}},"3":{"start":{"line":10,"column":19},"end":{"line":10,"column":30}},"4":{"start":{"line":11,"column":19},"end":{"line":11,"column":40}},"5":{"start":{"line":22,"column":14},"end":{"line":41,"column":2}},"6":{"start":{"line":36,"column":4},"end":{"line":36,"column":32}},"7":{"start":{"line":38,"column":4},"end":{"line":38,"column":23}},"8":{"start":{"line":26,"column":8},"end":{"line":26,"column":43}},"9":{"start":{"line":28,"column":6},"end":{"line":28,"column":20}},"10":{"start":{"line":29,"column":3},"end":{"line":29,"column":14}},"11":{"start":{"line":31,"column":3},"end":{"line":31,"column":18}},"12":{"start":{"line":44,"column":14},"end":{"line":50,"column":2}},"13":{"start":{"line":45,"column":2},"end":{"line":47,"column":3}},"14":{"start":{"line":46,"column":3},"end":{"line":46,"column":9}},"15":{"start":{"line":49,"column":2},"end":{"line":49,"column":57}},"16":{"start":{"line":49,"column":32},"end":{"line":49,"column":56}},"17":{"start":{"line":52,"column":8},"end":{"line":60,"column":2}},"18":{"start":{"line":53,"column":8},"end":{"line":53,"column":34}},"19":{"start":{"line":53,"column":10},"end":{"line":53,"column":18}},"20":{"start":{"line":53,"column":20},"end":{"line":53,"column":34}},"21":{"start":{"line":55,"column":2},"end":{"line":55,"column":23}},"22":{"start":{"line":57,"column":2},"end":{"line":59,"column":3}},"23":{"start":{"line":58,"column":3},"end":{"line":58,"column":19}},"24":{"start":{"line":61,"column":0},"end":{"line":61,"column":1}},"25":{"start":{"line":8,"column":13},"end":{"line":8,"column":26}}},"fnMap":{"0":{"name":"(anonymous_12)","decl":{"start":{"line":8,"column":0},"end":{"line":null,"column":-1}},"loc":{"start":{"line":8,"column":0},"end":{"line":8,"column":-1}}},"1":{"name":"NativeWrapper","decl":{"start":{"line":9,"column":1},"end":{"line":10,"column":18}},"loc":{"start":{"line":12,"column":48},"end":{"line":13,"column":5}}},"2":{"name":"(anonymous_14)","decl":{"start":{"line":22,"column":1},"end":{"line":23,"column":1}},"loc":{"start":{"line":24,"column":42},"end":{"line":41,"column":2}}},"3":{"name":"run","decl":{"start":{"line":34,"column":17},"end":{"line":34,"column":20}},"loc":{"start":{"line":34,"column":20},"end":{"line":40,"column":3}}},"4":{"name":"(anonymous_20)","decl":{"start":{"line":44,"column":1},"end":{"line":null,"column":-1}},"loc":{"start":{"line":44,"column":1},"end":{"line":50,"column":2}}},"5":{"name":"(anonymous_23)","decl":{"start":{"line":49,"column":21},"end":{"line":49,"column":20}},"loc":{"start":{"line":49,"column":28},"end":{"line":49,"column":56}}},"6":{"name":"(anonymous_24)","decl":{"start":{"line":52,"column":1},"end":{"line":null,"column":-1}},"loc":{"start":{"line":52,"column":1},"end":{"line":60,"column":2}}}},"branchMap":{"0":{"loc":{"start":{"line":12,"column":19},"end":{"line":12,"column":48}},"type":"if","locations":[{"start":{"line":12,"column":19},"end":{"line":12,"column":48}},{"start":{"line":12,"column":19},"end":{"line":12,"column":48}}]},"1":{"loc":{"start":{"line":45,"column":2},"end":{"line":47,"column":3}},"type":"if","locations":[{"start":{"line":45,"column":2},"end":{"line":47,"column":3}},{"start":{"line":45,"column":2},"end":{"line":47,"column":3}}]}},"s":{"0":2,"1":2,"2":51,"3":17,"4":17,"5":2,"6":28,"7":2,"8":14,"9":2,"10":24,"11":2,"12":2,"13":1,"14":1,"15":0,"16":0,"17":2,"18":16,"19":16,"20":16,"21":16,"22":16,"23":2,"24":2,"25":2},"f":{"0":2,"1":17,"2":14,"3":14,"4":1,"5":0,"6":16},"b":{"0":[17,0],"1":[1,0]}}
}
