TN:
SF:/Users/marius/Projects/PostHog/posthog-react-native/core/src/bridge.ts
FNF:0
FNH:0
DA:1,2
DA:55,2
DA:57,2
DA:58,1
DA:61,1
LF:5
LH:5
BRDA:57,0,0,1
BRDA:57,0,1,1
BRF:2
BRH:2
end_of_record
TN:
SF:/Users/marius/Projects/PostHog/posthog-react-native/core/src/configuration.ts
FN:5,(anonymous_14)
FN:8,(anonymous_15)
FN:23,(anonymous_16)
FNF:3
FNH:3
FNDA:18,(anonymous_14)
FNDA:18,(anonymous_15)
FNDA:18,(anonymous_16)
DA:1,3
DA:4,3
DA:5,36
DA:9,36
DA:10,36
DA:11,36
DA:12,36
DA:13,36
DA:14,18
DA:23,3
DA:26,36
DA:27,36
DA:28,36
DA:29,36
DA:30,36
DA:31,36
DA:32,36
DA:33,36
DA:34,36
DA:37,18
DA:55,18
DA:57,18
LF:22
LH:22
BRDA:5,0,0,17
BRDA:5,0,1,1
BRDA:9,1,0,17
BRDA:9,1,1,1
BRDA:10,2,0,18
BRDA:10,2,1,0
BRDA:11,3,0,18
BRDA:11,3,1,0
BRDA:12,4,0,18
BRDA:12,4,1,0
BRDA:13,5,0,18
BRDA:13,5,1,0
BRDA:26,6,0,17
BRDA:26,6,1,1
BRDA:27,7,0,17
BRDA:27,7,1,1
BRDA:28,8,0,17
BRDA:28,8,1,1
BRDA:29,9,0,17
BRDA:29,9,1,1
BRDA:30,10,0,17
BRDA:30,10,1,1
BRDA:31,11,0,18
BRDA:31,11,1,0
BRDA:32,12,0,18
BRDA:32,12,1,0
BRDA:33,13,0,17
BRDA:33,13,1,1
BRDA:34,14,0,17
BRDA:34,14,1,1
BRF:30
BRH:24
end_of_record
TN:
SF:/Users/marius/Projects/PostHog/posthog-react-native/core/src/index.ts
FNF:0
FNH:0
DA:1,1
DA:3,1
DA:4,1
LF:3
LH:3
BRF:0
BRH:0
end_of_record
TN:
SF:/Users/marius/Projects/PostHog/posthog-react-native/core/src/middleware.ts
FN:54,(anonymous_12)
FN:57,MiddlewareChain
FN:59,(anonymous_14)
FN:63,(anonymous_15)
FN:68,(anonymous_18)
FN:70,(anonymous_19)
FN:72,(anonymous_20)
FN:74,(anonymous_21)
FN:80,(anonymous_22)
FN:95,(anonymous_25)
FN:99,(anonymous_26)
FN:115,(anonymous_27)
FN:115,(anonymous_28)
FN:119,(anonymous_29)
FNF:14
FNH:13
FNDA:2,(anonymous_12)
FNDA:17,MiddlewareChain
FNDA:1,(anonymous_14)
FNDA:10,(anonymous_15)
FNDA:1,(anonymous_18)
FNDA:2,(anonymous_19)
FNDA:1,(anonymous_20)
FNDA:6,(anonymous_21)
FNDA:11,(anonymous_22)
FNDA:1,(anonymous_25)
FNDA:1,(anonymous_26)
FNDA:10,(anonymous_27)
FNDA:0,(anonymous_28)
FNDA:11,(anonymous_29)
DA:2,2
DA:54,2
DA:55,17
DA:57,17
DA:59,2
DA:60,1
DA:63,2
DA:64,10
DA:66,10
DA:68,1
DA:70,2
DA:72,1
DA:74,6
DA:76,0
DA:80,2
DA:83,21
DA:85,11
DA:86,11
DA:87,11
DA:89,11
DA:90,10
DA:93,1
DA:95,1
DA:96,1
DA:99,2
DA:100,1
DA:101,0
DA:104,1
DA:105,1
DA:113,2
DA:115,10
DA:116,0
DA:119,2
DA:122,21
DA:124,11
LF:35
LH:32
BRDA:67,0,0,1
BRDA:67,0,1,2
BRDA:67,0,2,1
BRDA:67,0,3,6
BRDA:67,0,4,0
BRDA:83,1,0,10
BRDA:83,1,1,1
BRDA:89,2,0,10
BRDA:89,2,1,1
BRDA:89,3,0,11
BRDA:89,3,1,1
BRDA:99,4,0,1
BRDA:99,4,1,0
BRDA:100,5,0,0
BRDA:100,5,1,1
BRDA:122,6,0,10
BRDA:122,6,1,1
BRF:17
BRH:14
end_of_record
TN:
SF:/Users/marius/Projects/PostHog/posthog-react-native/core/src/posthog.ts
FN:7,(anonymous_12)
FN:121,(anonymous_13)
FN:130,(anonymous_15)
FN:143,(anonymous_16)
FN:149,(anonymous_17)
FN:161,(anonymous_18)
FN:187,(anonymous_19)
FN:205,(anonymous_22)
FN:219,(anonymous_25)
FN:232,(anonymous_28)
FN:244,(anonymous_31)
FN:254,(anonymous_34)
FN:255,(anonymous_37)
FN:264,(anonymous_38)
FN:265,(anonymous_41)
FN:273,(anonymous_42)
FN:274,(anonymous_45)
FN:283,(anonymous_46)
FN:284,(anonymous_49)
FN:288,(anonymous_50)
FN:294,(anonymous_53)
FN:301,(anonymous_54)
FNF:22
FNH:21
FNDA:2,(anonymous_12)
FNDA:19,(anonymous_13)
FNDA:2,(anonymous_15)
FNDA:1,(anonymous_16)
FNDA:1,(anonymous_17)
FNDA:0,(anonymous_18)
FNDA:16,(anonymous_19)
FNDA:6,(anonymous_22)
FNDA:1,(anonymous_25)
FNDA:2,(anonymous_28)
FNDA:1,(anonymous_31)
FNDA:1,(anonymous_34)
FNDA:1,(anonymous_37)
FNDA:1,(anonymous_38)
FNDA:1,(anonymous_41)
FNDA:1,(anonymous_42)
FNDA:1,(anonymous_45)
FNDA:1,(anonymous_46)
FNDA:1,(anonymous_49)
FNDA:1,(anonymous_50)
FNDA:2,(anonymous_53)
FNDA:1,(anonymous_54)
DA:1,2
DA:2,2
DA:3,2
DA:4,2
DA:7,2
DA:121,19
DA:128,17
DA:130,17
DA:131,2
DA:133,17
DA:134,17
DA:143,2
DA:144,1
DA:146,1
DA:149,2
DA:150,1
DA:152,1
DA:161,2
DA:162,0
DA:163,0
DA:166,0
DA:168,0
DA:187,32
DA:188,32
DA:189,16
DA:191,16
DA:205,11
DA:206,12
DA:219,2
DA:220,2
DA:232,2
DA:233,4
DA:244,2
DA:245,2
DA:254,2
DA:255,2
DA:264,2
DA:265,2
DA:273,2
DA:274,2
DA:283,2
DA:284,2
DA:288,2
DA:289,2
DA:291,1
DA:294,2
DA:295,2
DA:297,2
DA:298,1
DA:299,1
DA:301,1
DA:304,2
LF:52
LH:48
BRDA:162,0,0,0
BRDA:162,0,1,0
BRDA:187,1,0,16
BRDA:187,1,1,0
BRDA:205,2,0,5
BRDA:205,2,1,1
BRDA:219,3,0,0
BRDA:219,3,1,1
BRDA:232,4,0,0
BRDA:232,4,1,2
BRDA:297,5,0,1
BRDA:297,5,1,1
BRDA:7,6,0,2
BRDA:7,6,1,2
BRF:14
BRH:9
end_of_record
TN:
SF:/Users/marius/Projects/PostHog/posthog-react-native/core/src/utils.ts
FN:1,assertNever
FNF:1
FNH:0
FNDA:0,assertNever
DA:1,2
DA:2,0
LF:2
LH:1
BRF:0
BRH:0
end_of_record
TN:
SF:/Users/marius/Projects/PostHog/posthog-react-native/core/src/wrapper.ts
FN:8,(anonymous_12)
FN:9,NativeWrapper
FN:22,(anonymous_14)
FN:34,run
FN:44,(anonymous_20)
FN:49,(anonymous_23)
FN:52,(anonymous_24)
FNF:7
FNH:6
FNDA:2,(anonymous_12)
FNDA:17,NativeWrapper
FNDA:14,(anonymous_14)
FNDA:14,run
FNDA:1,(anonymous_20)
FNDA:0,(anonymous_23)
FNDA:16,(anonymous_24)
DA:1,2
DA:8,2
DA:10,17
DA:11,17
DA:12,51
DA:22,2
DA:26,14
DA:28,2
DA:29,24
DA:31,2
DA:36,28
DA:38,2
DA:44,2
DA:45,1
DA:46,1
DA:49,0
DA:52,2
DA:53,16
DA:55,16
DA:57,16
DA:58,2
DA:61,2
LF:22
LH:21
BRDA:12,0,0,17
BRDA:12,0,1,0
BRDA:45,1,0,1
BRDA:45,1,1,0
BRF:4
BRH:2
end_of_record
